"12-12-2024 [main] INFO  o.h.jpa.internal.util.LogHelper - HHH000204: Processing PersistenceUnitInfo [name: default]
""12-12-2024 [main] INFO  org.hibernate.Version - HHH000412: Hibernate ORM core version 6.5.3.Final
""12-12-2024 [main] INFO  o.h.c.i.RegionFactoryInitiator - HHH000026: Second-level cache disabled
""12-12-2024 [main] WARN  com.zaxxer.hikari.HikariConfig - POSTGRESQL-POOL - idleTimeout is close to or more than maxLifetime, disabling it.
""12-12-2024 [main] WARN  org.hibernate.orm.deprecation - HHH90000025: PostgreSQLDialect does not need to be specified explicitly using 'hibernate.dialect' (remove the property setting and it will be selected by default)
""12-12-2024 [main] INFO  o.h.e.t.j.p.i.JtaPlatformInitiator - HHH000489: No JTA platform available (set 'hibernate.transaction.jta.platform' to enable JTA platform integration)
""12-12-2024 [main] DEBUG o.s.w.s.m.m.a.ExceptionHandlerExceptionResolver - ControllerAdvice beans: 1 @ExceptionHandler, 1 ResponseBodyAdvice
""12-12-2024 [main] DEBUG o.s.b.w.s.ServletContextInitializerBeans - Mapping filters: springSecurityFilterChain urls=[/*] order=-100, characterEncodingFilter urls=[/*] order=-2147483648, formContentFilter urls=[/*] order=-9900, requestContextFilter urls=[/*] order=-105, jwtAuthenticationFilter urls=[/*] order=2147483647
""12-12-2024 [main] DEBUG o.s.b.w.s.ServletContextInitializerBeans - Mapping servlets: dispatcherServlet urls=[/]
""12-12-2024 [main] WARN  o.s.s.c.a.a.c.InitializeUserDetailsBeanManagerConfigurer$InitializeUserDetailsManagerConfigurer - Global AuthenticationManager configured with an AuthenticationProvider bean. UserDetailsService beans will not be used for username/password login. Consider removing the AuthenticationProvider bean. Alternatively, consider using the UserDetailsService in a manually instantiated DaoAuthenticationProvider.
""12-12-2024 [main] TRACE o.s.w.s.m.m.a.RequestMappingHandlerMapping - 
	c.t.a.c.AuthenticationController:
	{POST [/auth/signup]}: register(RegisterUserDto)
	{POST [/auth/login]}: authenticate(LoginUserDto)
""12-12-2024 [main] TRACE o.s.w.s.m.m.a.RequestMappingHandlerMapping - 
	c.t.a.c.UserController:
	{GET [/users/me]}: authenticatedUser()
	{GET [/users]}: allUsers()
""12-12-2024 [main] TRACE o.s.w.s.m.m.a.RequestMappingHandlerMapping - 
	o.s.b.a.w.s.e.BasicErrorController:
	{ [/error]}: error(HttpServletRequest)
	{ [/error], produces [text/html]}: errorHtml(HttpServletRequest,HttpServletResponse)
""12-12-2024 [main] DEBUG o.s.w.s.m.m.a.RequestMappingHandlerMapping - 6 mappings in 'requestMappingHandlerMapping'
""12-12-2024 [main] DEBUG o.s.w.s.h.SimpleUrlHandlerMapping - Patterns [/webjars/**, /**] in 'resourceHandlerMapping'
""12-12-2024 [main] DEBUG o.s.w.s.m.m.a.RequestMappingHandlerAdapter - ControllerAdvice beans: 0 @ModelAttribute, 0 @InitBinder, 1 RequestBodyAdvice, 1 ResponseBodyAdvice
""12-12-2024 [http-nio-8080-exec-1] INFO  o.s.web.servlet.DispatcherServlet - Initializing Servlet 'dispatcherServlet'
""12-12-2024 [http-nio-8080-exec-1] DEBUG o.s.web.servlet.DispatcherServlet - Detected StandardServletMultipartResolver
""12-12-2024 [http-nio-8080-exec-1] DEBUG o.s.web.servlet.DispatcherServlet - Detected AcceptHeaderLocaleResolver
""12-12-2024 [http-nio-8080-exec-1] DEBUG o.s.web.servlet.DispatcherServlet - Detected FixedThemeResolver
""12-12-2024 [http-nio-8080-exec-1] DEBUG o.s.web.servlet.DispatcherServlet - Detected org.springframework.web.servlet.view.DefaultRequestToViewNameTranslator@257da215
""12-12-2024 [http-nio-8080-exec-1] DEBUG o.s.web.servlet.DispatcherServlet - Detected org.springframework.web.servlet.support.SessionFlashMapManager@1d208795
""12-12-2024 [http-nio-8080-exec-1] DEBUG o.s.web.servlet.DispatcherServlet - enableLoggingRequestDetails='false': request parameters and headers will be masked to prevent unsafe logging of potentially sensitive data
""12-12-2024 [http-nio-8080-exec-1] INFO  o.s.web.servlet.DispatcherServlet - Completed initialization in 2 ms
""12-12-2024 [http-nio-8080-exec-1] DEBUG o.s.w.s.m.m.a.ExceptionHandlerExceptionResolver - Using @ExceptionHandler com.tericcabrel.authapi.exceptions.GlobalExceptionHandler#handleSecurityException(Exception)
""12-12-2024 [http-nio-8080-exec-1] DEBUG o.s.w.s.m.m.a.HttpEntityMethodProcessor - Using 'application/problem+json', given [*/*] and supported [application/problem+json]
""12-12-2024 [http-nio-8080-exec-1] DEBUG o.s.w.s.m.m.a.HttpEntityMethodProcessor - Writing [ProblemDetail[type='about:blank', title='Forbidden', status=403, detail='JWT expired at 2024-12-11T1 (truncated)...]
""12-12-2024 [http-nio-8080-exec-1] DEBUG o.s.w.s.m.m.a.ExceptionHandlerExceptionResolver - Resolved [io.jsonwebtoken.ExpiredJwtException: JWT expired at 2024-12-11T16:19:06Z. Current time: 2024-12-12T16:20:06Z, a difference of 86460775 milliseconds.  Allowed clock skew: 0 milliseconds.]
""12-12-2024 [main] INFO  o.h.jpa.internal.util.LogHelper - HHH000204: Processing PersistenceUnitInfo [name: default]
""12-12-2024 [main] INFO  org.hibernate.Version - HHH000412: Hibernate ORM core version 6.5.3.Final
""12-12-2024 [main] INFO  o.h.c.i.RegionFactoryInitiator - HHH000026: Second-level cache disabled
""12-12-2024 [main] WARN  com.zaxxer.hikari.HikariConfig - POSTGRESQL-POOL - idleTimeout is close to or more than maxLifetime, disabling it.
""12-12-2024 [main] WARN  org.hibernate.orm.deprecation - HHH90000025: PostgreSQLDialect does not need to be specified explicitly using 'hibernate.dialect' (remove the property setting and it will be selected by default)
""12-12-2024 [main] INFO  o.h.e.t.j.p.i.JtaPlatformInitiator - HHH000489: No JTA platform available (set 'hibernate.transaction.jta.platform' to enable JTA platform integration)
""12-12-2024 [main] DEBUG o.s.w.s.m.m.a.ExceptionHandlerExceptionResolver - ControllerAdvice beans: 1 @ExceptionHandler, 1 ResponseBodyAdvice
""12-12-2024 [main] DEBUG o.s.b.w.s.ServletContextInitializerBeans - Mapping filters: springSecurityFilterChain urls=[/*] order=-100, characterEncodingFilter urls=[/*] order=-2147483648, formContentFilter urls=[/*] order=-9900, requestContextFilter urls=[/*] order=-105, jwtAuthenticationFilter urls=[/*] order=2147483647
""12-12-2024 [main] DEBUG o.s.b.w.s.ServletContextInitializerBeans - Mapping servlets: dispatcherServlet urls=[/]
""12-12-2024 [main] WARN  o.s.s.c.a.a.c.InitializeUserDetailsBeanManagerConfigurer$InitializeUserDetailsManagerConfigurer - Global AuthenticationManager configured with an AuthenticationProvider bean. UserDetailsService beans will not be used for username/password login. Consider removing the AuthenticationProvider bean. Alternatively, consider using the UserDetailsService in a manually instantiated DaoAuthenticationProvider.
""12-12-2024 [main] TRACE o.s.w.s.m.m.a.RequestMappingHandlerMapping - 
	c.t.a.c.AuthenticationController:
	{POST [/auth/login]}: authenticate(LoginUserDto)
	{POST [/auth/signup]}: register(RegisterUserDto)
""12-12-2024 [main] TRACE o.s.w.s.m.m.a.RequestMappingHandlerMapping - 
	c.t.a.c.UserController:
	{GET [/users/me]}: authenticatedUser()
	{GET [/users]}: allUsers()
""12-12-2024 [main] TRACE o.s.w.s.m.m.a.RequestMappingHandlerMapping - 
	o.s.b.a.w.s.e.BasicErrorController:
	{ [/error]}: error(HttpServletRequest)
	{ [/error], produces [text/html]}: errorHtml(HttpServletRequest,HttpServletResponse)
""12-12-2024 [main] DEBUG o.s.w.s.m.m.a.RequestMappingHandlerMapping - 6 mappings in 'requestMappingHandlerMapping'
""12-12-2024 [main] DEBUG o.s.w.s.h.SimpleUrlHandlerMapping - Patterns [/webjars/**, /**] in 'resourceHandlerMapping'
""12-12-2024 [main] DEBUG o.s.w.s.m.m.a.RequestMappingHandlerAdapter - ControllerAdvice beans: 0 @ModelAttribute, 0 @InitBinder, 1 RequestBodyAdvice, 1 ResponseBodyAdvice
""12-12-2024 [http-nio-8080-exec-3] INFO  o.s.web.servlet.DispatcherServlet - Initializing Servlet 'dispatcherServlet'
""12-12-2024 [http-nio-8080-exec-3] DEBUG o.s.web.servlet.DispatcherServlet - Detected StandardServletMultipartResolver
""12-12-2024 [http-nio-8080-exec-3] DEBUG o.s.web.servlet.DispatcherServlet - Detected AcceptHeaderLocaleResolver
""12-12-2024 [http-nio-8080-exec-3] DEBUG o.s.web.servlet.DispatcherServlet - Detected FixedThemeResolver
""12-12-2024 [http-nio-8080-exec-3] DEBUG o.s.web.servlet.DispatcherServlet - Detected org.springframework.web.servlet.view.DefaultRequestToViewNameTranslator@257da215
""12-12-2024 [http-nio-8080-exec-3] DEBUG o.s.web.servlet.DispatcherServlet - Detected org.springframework.web.servlet.support.SessionFlashMapManager@1d208795
""12-12-2024 [http-nio-8080-exec-3] DEBUG o.s.web.servlet.DispatcherServlet - enableLoggingRequestDetails='false': request parameters and headers will be masked to prevent unsafe logging of potentially sensitive data
""12-12-2024 [http-nio-8080-exec-3] INFO  o.s.web.servlet.DispatcherServlet - Completed initialization in 1 ms
""12-12-2024 [http-nio-8080-exec-3] DEBUG o.s.w.s.m.m.a.ExceptionHandlerExceptionResolver - Using @ExceptionHandler com.tericcabrel.authapi.exceptions.GlobalExceptionHandler#handleSecurityException(Exception)
""12-12-2024 [main] INFO  o.h.jpa.internal.util.LogHelper - HHH000204: Processing PersistenceUnitInfo [name: default]
""12-12-2024 [main] INFO  org.hibernate.Version - HHH000412: Hibernate ORM core version 6.5.3.Final
""12-12-2024 [main] INFO  o.h.c.i.RegionFactoryInitiator - HHH000026: Second-level cache disabled
""12-12-2024 [main] WARN  com.zaxxer.hikari.HikariConfig - POSTGRESQL-POOL - idleTimeout is close to or more than maxLifetime, disabling it.
""12-12-2024 [main] WARN  org.hibernate.orm.deprecation - HHH90000025: PostgreSQLDialect does not need to be specified explicitly using 'hibernate.dialect' (remove the property setting and it will be selected by default)
""12-12-2024 [main] INFO  o.h.e.t.j.p.i.JtaPlatformInitiator - HHH000489: No JTA platform available (set 'hibernate.transaction.jta.platform' to enable JTA platform integration)
""12-12-2024 [main] DEBUG o.s.w.s.m.m.a.ExceptionHandlerExceptionResolver - ControllerAdvice beans: 1 @ExceptionHandler, 1 ResponseBodyAdvice
""12-12-2024 [main] DEBUG o.s.b.w.s.ServletContextInitializerBeans - Mapping filters: springSecurityFilterChain urls=[/*] order=-100, characterEncodingFilter urls=[/*] order=-2147483648, formContentFilter urls=[/*] order=-9900, requestContextFilter urls=[/*] order=-105, jwtAuthenticationFilter urls=[/*] order=2147483647
""12-12-2024 [main] DEBUG o.s.b.w.s.ServletContextInitializerBeans - Mapping servlets: dispatcherServlet urls=[/]
""12-12-2024 [main] WARN  o.s.s.c.a.a.c.InitializeUserDetailsBeanManagerConfigurer$InitializeUserDetailsManagerConfigurer - Global AuthenticationManager configured with an AuthenticationProvider bean. UserDetailsService beans will not be used for username/password login. Consider removing the AuthenticationProvider bean. Alternatively, consider using the UserDetailsService in a manually instantiated DaoAuthenticationProvider.
""12-12-2024 [main] TRACE o.s.w.s.m.m.a.RequestMappingHandlerMapping - 
	c.t.a.c.AuthenticationController:
	{POST [/auth/login]}: authenticate(LoginUserDto)
	{POST [/auth/signup]}: register(RegisterUserDto)
""12-12-2024 [main] TRACE o.s.w.s.m.m.a.RequestMappingHandlerMapping - 
	c.t.a.c.UserController:
	{GET [/users]}: allUsers()
	{GET [/users/me]}: authenticatedUser()
""12-12-2024 [main] TRACE o.s.w.s.m.m.a.RequestMappingHandlerMapping - 
	o.s.b.a.w.s.e.BasicErrorController:
	{ [/error]}: error(HttpServletRequest)
	{ [/error], produces [text/html]}: errorHtml(HttpServletRequest,HttpServletResponse)
""12-12-2024 [main] DEBUG o.s.w.s.m.m.a.RequestMappingHandlerMapping - 6 mappings in 'requestMappingHandlerMapping'
""12-12-2024 [main] DEBUG o.s.w.s.h.SimpleUrlHandlerMapping - Patterns [/webjars/**, /**] in 'resourceHandlerMapping'
""12-12-2024 [main] DEBUG o.s.w.s.m.m.a.RequestMappingHandlerAdapter - ControllerAdvice beans: 0 @ModelAttribute, 0 @InitBinder, 1 RequestBodyAdvice, 1 ResponseBodyAdvice
""12-12-2024 [http-nio-8080-exec-2] INFO  o.s.web.servlet.DispatcherServlet - Initializing Servlet 'dispatcherServlet'
""12-12-2024 [http-nio-8080-exec-2] DEBUG o.s.web.servlet.DispatcherServlet - Detected StandardServletMultipartResolver
""12-12-2024 [http-nio-8080-exec-2] DEBUG o.s.web.servlet.DispatcherServlet - Detected AcceptHeaderLocaleResolver
""12-12-2024 [http-nio-8080-exec-2] DEBUG o.s.web.servlet.DispatcherServlet - Detected FixedThemeResolver
""12-12-2024 [http-nio-8080-exec-2] DEBUG o.s.web.servlet.DispatcherServlet - Detected org.springframework.web.servlet.view.DefaultRequestToViewNameTranslator@af04d6d
""12-12-2024 [http-nio-8080-exec-2] DEBUG o.s.web.servlet.DispatcherServlet - Detected org.springframework.web.servlet.support.SessionFlashMapManager@29612ee2
""12-12-2024 [http-nio-8080-exec-2] DEBUG o.s.web.servlet.DispatcherServlet - enableLoggingRequestDetails='false': request parameters and headers will be masked to prevent unsafe logging of potentially sensitive data
""12-12-2024 [http-nio-8080-exec-2] INFO  o.s.web.servlet.DispatcherServlet - Completed initialization in 2 ms
""12-12-2024 [http-nio-8080-exec-2] DEBUG o.s.w.s.m.m.a.ExceptionHandlerExceptionResolver - Using @ExceptionHandler com.tericcabrel.authapi.exceptions.GlobalExceptionHandler#handleSecurityException(Exception)
""12-12-2024 [http-nio-8080-exec-2] DEBUG o.s.w.s.m.m.a.HttpEntityMethodProcessor - Using 'application/problem+json', given [*/*] and supported [application/problem+json]
""12-12-2024 [http-nio-8080-exec-2] DEBUG o.s.w.s.m.m.a.HttpEntityMethodProcessor - Writing [ProblemDetail[type='about:blank', title='Unauthorized', status=401, detail='JWT expired at 2024-12-1 (truncated)...]
""12-12-2024 [http-nio-8080-exec-2] DEBUG o.s.w.s.m.m.a.ExceptionHandlerExceptionResolver - Resolved [io.jsonwebtoken.ExpiredJwtException: JWT expired at 2024-12-11T16:19:06Z. Current time: 2024-12-12T16:24:14Z, a difference of 86708770 milliseconds.  Allowed clock skew: 0 milliseconds.]
""12-12-2024 [main] INFO  o.h.jpa.internal.util.LogHelper - HHH000204: Processing PersistenceUnitInfo [name: default]
""12-12-2024 [main] INFO  org.hibernate.Version - HHH000412: Hibernate ORM core version 6.5.3.Final
""12-12-2024 [main] INFO  o.h.c.i.RegionFactoryInitiator - HHH000026: Second-level cache disabled
""12-12-2024 [main] WARN  com.zaxxer.hikari.HikariConfig - POSTGRESQL-POOL - idleTimeout is close to or more than maxLifetime, disabling it.
""12-12-2024 [main] WARN  org.hibernate.orm.deprecation - HHH90000025: PostgreSQLDialect does not need to be specified explicitly using 'hibernate.dialect' (remove the property setting and it will be selected by default)
""12-12-2024 [main] INFO  o.h.e.t.j.p.i.JtaPlatformInitiator - HHH000489: No JTA platform available (set 'hibernate.transaction.jta.platform' to enable JTA platform integration)
""12-12-2024 [main] DEBUG o.s.w.s.m.m.a.ExceptionHandlerExceptionResolver - ControllerAdvice beans: 1 @ExceptionHandler, 1 ResponseBodyAdvice
""12-12-2024 [main] DEBUG o.s.b.w.s.ServletContextInitializerBeans - Mapping filters: springSecurityFilterChain urls=[/*] order=-100, characterEncodingFilter urls=[/*] order=-2147483648, formContentFilter urls=[/*] order=-9900, requestContextFilter urls=[/*] order=-105, jwtAuthenticationFilter urls=[/*] order=2147483647
""12-12-2024 [main] DEBUG o.s.b.w.s.ServletContextInitializerBeans - Mapping servlets: dispatcherServlet urls=[/]
""12-12-2024 [main] WARN  o.s.s.c.a.a.c.InitializeUserDetailsBeanManagerConfigurer$InitializeUserDetailsManagerConfigurer - Global AuthenticationManager configured with an AuthenticationProvider bean. UserDetailsService beans will not be used for username/password login. Consider removing the AuthenticationProvider bean. Alternatively, consider using the UserDetailsService in a manually instantiated DaoAuthenticationProvider.
""12-12-2024 [main] TRACE o.s.w.s.m.m.a.RequestMappingHandlerMapping - 
	c.t.a.c.AuthenticationController:
	{POST [/auth/login]}: authenticate(LoginUserDto)
	{POST [/auth/signup]}: register(RegisterUserDto)
""12-12-2024 [main] TRACE o.s.w.s.m.m.a.RequestMappingHandlerMapping - 
	c.t.a.c.UserController:
	{GET [/users/me]}: authenticatedUser()
	{GET [/users]}: allUsers()
""12-12-2024 [main] TRACE o.s.w.s.m.m.a.RequestMappingHandlerMapping - 
	o.s.b.a.w.s.e.BasicErrorController:
	{ [/error]}: error(HttpServletRequest)
	{ [/error], produces [text/html]}: errorHtml(HttpServletRequest,HttpServletResponse)
""12-12-2024 [main] DEBUG o.s.w.s.m.m.a.RequestMappingHandlerMapping - 6 mappings in 'requestMappingHandlerMapping'
""12-12-2024 [main] DEBUG o.s.w.s.h.SimpleUrlHandlerMapping - Patterns [/webjars/**, /**] in 'resourceHandlerMapping'
""12-12-2024 [main] DEBUG o.s.w.s.m.m.a.RequestMappingHandlerAdapter - ControllerAdvice beans: 0 @ModelAttribute, 0 @InitBinder, 1 RequestBodyAdvice, 1 ResponseBodyAdvice
""12-12-2024 [http-nio-8080-exec-4] INFO  o.s.web.servlet.DispatcherServlet - Initializing Servlet 'dispatcherServlet'
""12-12-2024 [http-nio-8080-exec-4] DEBUG o.s.web.servlet.DispatcherServlet - Detected StandardServletMultipartResolver
""12-12-2024 [http-nio-8080-exec-4] DEBUG o.s.web.servlet.DispatcherServlet - Detected AcceptHeaderLocaleResolver
""12-12-2024 [http-nio-8080-exec-4] DEBUG o.s.web.servlet.DispatcherServlet - Detected FixedThemeResolver
""12-12-2024 [http-nio-8080-exec-4] DEBUG o.s.web.servlet.DispatcherServlet - Detected org.springframework.web.servlet.view.DefaultRequestToViewNameTranslator@533690d
""12-12-2024 [http-nio-8080-exec-4] DEBUG o.s.web.servlet.DispatcherServlet - Detected org.springframework.web.servlet.support.SessionFlashMapManager@4c376b44
""12-12-2024 [http-nio-8080-exec-4] DEBUG o.s.web.servlet.DispatcherServlet - enableLoggingRequestDetails='false': request parameters and headers will be masked to prevent unsafe logging of potentially sensitive data
""12-12-2024 [http-nio-8080-exec-4] INFO  o.s.web.servlet.DispatcherServlet - Completed initialization in 2 ms
""12-12-2024 [http-nio-8080-exec-4] DEBUG o.s.w.s.m.m.a.ExceptionHandlerExceptionResolver - Using @ExceptionHandler com.tericcabrel.authapi.exceptions.GlobalExceptionHandler#handleSecurityException(Exception)
""12-12-2024 [main] INFO  o.h.jpa.internal.util.LogHelper - HHH000204: Processing PersistenceUnitInfo [name: default]
""12-12-2024 [main] INFO  org.hibernate.Version - HHH000412: Hibernate ORM core version 6.5.3.Final
""12-12-2024 [main] INFO  o.h.c.i.RegionFactoryInitiator - HHH000026: Second-level cache disabled
""12-12-2024 [main] WARN  com.zaxxer.hikari.HikariConfig - POSTGRESQL-POOL - idleTimeout is close to or more than maxLifetime, disabling it.
""12-12-2024 [main] WARN  org.hibernate.orm.deprecation - HHH90000025: PostgreSQLDialect does not need to be specified explicitly using 'hibernate.dialect' (remove the property setting and it will be selected by default)
""12-12-2024 [main] INFO  o.h.e.t.j.p.i.JtaPlatformInitiator - HHH000489: No JTA platform available (set 'hibernate.transaction.jta.platform' to enable JTA platform integration)
""12-12-2024 [main] DEBUG o.s.w.s.m.m.a.ExceptionHandlerExceptionResolver - ControllerAdvice beans: 1 @ExceptionHandler, 1 ResponseBodyAdvice
""12-12-2024 [main] DEBUG o.s.b.w.s.ServletContextInitializerBeans - Mapping filters: springSecurityFilterChain urls=[/*] order=-100, characterEncodingFilter urls=[/*] order=-2147483648, formContentFilter urls=[/*] order=-9900, requestContextFilter urls=[/*] order=-105, jwtAuthenticationFilter urls=[/*] order=2147483647
""12-12-2024 [main] DEBUG o.s.b.w.s.ServletContextInitializerBeans - Mapping servlets: dispatcherServlet urls=[/]
""12-12-2024 [main] WARN  o.s.s.c.a.a.c.InitializeUserDetailsBeanManagerConfigurer$InitializeUserDetailsManagerConfigurer - Global AuthenticationManager configured with an AuthenticationProvider bean. UserDetailsService beans will not be used for username/password login. Consider removing the AuthenticationProvider bean. Alternatively, consider using the UserDetailsService in a manually instantiated DaoAuthenticationProvider.
""12-12-2024 [main] TRACE o.s.w.s.m.m.a.RequestMappingHandlerMapping - 
	c.t.a.c.AuthenticationController:
	{POST [/auth/signup]}: register(RegisterUserDto)
	{POST [/auth/login]}: authenticate(LoginUserDto)
""12-12-2024 [main] TRACE o.s.w.s.m.m.a.RequestMappingHandlerMapping - 
	c.t.a.c.UserController:
	{GET [/users/me]}: authenticatedUser()
	{GET [/users]}: allUsers()
""12-12-2024 [main] TRACE o.s.w.s.m.m.a.RequestMappingHandlerMapping - 
	o.s.b.a.w.s.e.BasicErrorController:
	{ [/error]}: error(HttpServletRequest)
	{ [/error], produces [text/html]}: errorHtml(HttpServletRequest,HttpServletResponse)
""12-12-2024 [main] DEBUG o.s.w.s.m.m.a.RequestMappingHandlerMapping - 6 mappings in 'requestMappingHandlerMapping'
""12-12-2024 [main] DEBUG o.s.w.s.h.SimpleUrlHandlerMapping - Patterns [/webjars/**, /**] in 'resourceHandlerMapping'
""12-12-2024 [main] DEBUG o.s.w.s.m.m.a.RequestMappingHandlerAdapter - ControllerAdvice beans: 0 @ModelAttribute, 0 @InitBinder, 1 RequestBodyAdvice, 1 ResponseBodyAdvice
""12-12-2024 [http-nio-8080-exec-5] INFO  o.s.web.servlet.DispatcherServlet - Initializing Servlet 'dispatcherServlet'
""12-12-2024 [http-nio-8080-exec-5] DEBUG o.s.web.servlet.DispatcherServlet - Detected StandardServletMultipartResolver
""12-12-2024 [http-nio-8080-exec-5] DEBUG o.s.web.servlet.DispatcherServlet - Detected AcceptHeaderLocaleResolver
""12-12-2024 [http-nio-8080-exec-5] DEBUG o.s.web.servlet.DispatcherServlet - Detected FixedThemeResolver
""12-12-2024 [http-nio-8080-exec-5] DEBUG o.s.web.servlet.DispatcherServlet - Detected org.springframework.web.servlet.view.DefaultRequestToViewNameTranslator@3bf306d3
""12-12-2024 [http-nio-8080-exec-5] DEBUG o.s.web.servlet.DispatcherServlet - Detected org.springframework.web.servlet.support.SessionFlashMapManager@47596e9
""12-12-2024 [http-nio-8080-exec-5] DEBUG o.s.web.servlet.DispatcherServlet - enableLoggingRequestDetails='false': request parameters and headers will be masked to prevent unsafe logging of potentially sensitive data
""12-12-2024 [http-nio-8080-exec-5] INFO  o.s.web.servlet.DispatcherServlet - Completed initialization in 3 ms
""12-12-2024 [http-nio-8080-exec-5] DEBUG o.s.w.s.m.m.a.ExceptionHandlerExceptionResolver - Using @ExceptionHandler com.tericcabrel.authapi.exceptions.GlobalExceptionHandler#handleSecurityException(Exception)
""12-12-2024 [http-nio-8080-exec-5] DEBUG o.s.w.s.m.m.a.HttpEntityMethodProcessor - Using 'application/problem+json', given [*/*] and supported [application/problem+json]
""12-12-2024 [http-nio-8080-exec-5] DEBUG o.s.w.s.m.m.a.HttpEntityMethodProcessor - Writing [ProblemDetail[type='about:blank', title='Forbidden', status=403, detail='JWT expired at 2024-12-11T1 (truncated)...]
""12-12-2024 [http-nio-8080-exec-5] DEBUG o.s.w.s.m.m.a.ExceptionHandlerExceptionResolver - Resolved [io.jsonwebtoken.ExpiredJwtException: JWT expired at 2024-12-11T16:19:06Z. Current time: 2024-12-12T16:26:29Z, a difference of 86843946 milliseconds.  Allowed clock skew: 0 milliseconds.]
""12-12-2024 [main] INFO  o.h.jpa.internal.util.LogHelper - HHH000204: Processing PersistenceUnitInfo [name: default]
""12-12-2024 [main] INFO  org.hibernate.Version - HHH000412: Hibernate ORM core version 6.5.3.Final
""12-12-2024 [main] INFO  o.h.c.i.RegionFactoryInitiator - HHH000026: Second-level cache disabled
""12-12-2024 [main] WARN  com.zaxxer.hikari.HikariConfig - POSTGRESQL-POOL - idleTimeout is close to or more than maxLifetime, disabling it.
""12-12-2024 [main] WARN  org.hibernate.orm.deprecation - HHH90000025: PostgreSQLDialect does not need to be specified explicitly using 'hibernate.dialect' (remove the property setting and it will be selected by default)
""12-12-2024 [main] INFO  o.h.e.t.j.p.i.JtaPlatformInitiator - HHH000489: No JTA platform available (set 'hibernate.transaction.jta.platform' to enable JTA platform integration)
""12-12-2024 [main] DEBUG o.s.w.s.m.m.a.ExceptionHandlerExceptionResolver - ControllerAdvice beans: 1 @ExceptionHandler, 1 ResponseBodyAdvice
""12-12-2024 [main] DEBUG o.s.b.w.s.ServletContextInitializerBeans - Mapping filters: springSecurityFilterChain urls=[/*] order=-100, characterEncodingFilter urls=[/*] order=-2147483648, formContentFilter urls=[/*] order=-9900, requestContextFilter urls=[/*] order=-105, jwtAuthenticationFilter urls=[/*] order=2147483647
""12-12-2024 [main] DEBUG o.s.b.w.s.ServletContextInitializerBeans - Mapping servlets: dispatcherServlet urls=[/]
""12-12-2024 [main] WARN  o.s.s.c.a.a.c.InitializeUserDetailsBeanManagerConfigurer$InitializeUserDetailsManagerConfigurer - Global AuthenticationManager configured with an AuthenticationProvider bean. UserDetailsService beans will not be used for username/password login. Consider removing the AuthenticationProvider bean. Alternatively, consider using the UserDetailsService in a manually instantiated DaoAuthenticationProvider.
""12-12-2024 [main] TRACE o.s.w.s.m.m.a.RequestMappingHandlerMapping - 
	c.t.a.c.AuthenticationController:
	{POST [/auth/signup]}: register(RegisterUserDto)
	{POST [/auth/login]}: authenticate(LoginUserDto)
""12-12-2024 [main] TRACE o.s.w.s.m.m.a.RequestMappingHandlerMapping - 
	c.t.a.c.UserController:
	{GET [/users/me]}: authenticatedUser()
	{GET [/users]}: allUsers()
""12-12-2024 [main] TRACE o.s.w.s.m.m.a.RequestMappingHandlerMapping - 
	o.s.b.a.w.s.e.BasicErrorController:
	{ [/error]}: error(HttpServletRequest)
	{ [/error], produces [text/html]}: errorHtml(HttpServletRequest,HttpServletResponse)
""12-12-2024 [main] DEBUG o.s.w.s.m.m.a.RequestMappingHandlerMapping - 6 mappings in 'requestMappingHandlerMapping'
""12-12-2024 [main] DEBUG o.s.w.s.h.SimpleUrlHandlerMapping - Patterns [/webjars/**, /**] in 'resourceHandlerMapping'
""12-12-2024 [main] DEBUG o.s.w.s.m.m.a.RequestMappingHandlerAdapter - ControllerAdvice beans: 0 @ModelAttribute, 0 @InitBinder, 1 RequestBodyAdvice, 1 ResponseBodyAdvice
""12-12-2024 [http-nio-8080-exec-2] INFO  o.s.web.servlet.DispatcherServlet - Initializing Servlet 'dispatcherServlet'
""12-12-2024 [http-nio-8080-exec-2] DEBUG o.s.web.servlet.DispatcherServlet - Detected StandardServletMultipartResolver
""12-12-2024 [http-nio-8080-exec-2] DEBUG o.s.web.servlet.DispatcherServlet - Detected AcceptHeaderLocaleResolver
""12-12-2024 [http-nio-8080-exec-2] DEBUG o.s.web.servlet.DispatcherServlet - Detected FixedThemeResolver
""12-12-2024 [http-nio-8080-exec-2] DEBUG o.s.web.servlet.DispatcherServlet - Detected org.springframework.web.servlet.view.DefaultRequestToViewNameTranslator@52c2d1e8
""12-12-2024 [http-nio-8080-exec-2] DEBUG o.s.web.servlet.DispatcherServlet - Detected org.springframework.web.servlet.support.SessionFlashMapManager@28dd038f
""12-12-2024 [http-nio-8080-exec-2] DEBUG o.s.web.servlet.DispatcherServlet - enableLoggingRequestDetails='false': request parameters and headers will be masked to prevent unsafe logging of potentially sensitive data
""12-12-2024 [http-nio-8080-exec-2] INFO  o.s.web.servlet.DispatcherServlet - Completed initialization in 2 ms
""12-12-2024 [http-nio-8080-exec-2] DEBUG o.s.w.s.m.m.a.ExceptionHandlerExceptionResolver - Using @ExceptionHandler com.tericcabrel.authapi.exceptions.GlobalExceptionHandler#handleSecurityException(Exception)
""12-12-2024 [http-nio-8080-exec-2] DEBUG o.s.w.s.m.m.a.HttpEntityMethodProcessor - Using 'application/problem+json', given [*/*] and supported [application/problem+json]
""12-12-2024 [http-nio-8080-exec-2] DEBUG o.s.w.s.m.m.a.HttpEntityMethodProcessor - Writing [ProblemDetail[type='about:blank', title='Unauthorized', status=401, detail='JWT expired at 2024-12-1 (truncated)...]
""12-12-2024 [http-nio-8080-exec-2] DEBUG o.s.w.s.m.m.a.ExceptionHandlerExceptionResolver - Resolved [io.jsonwebtoken.ExpiredJwtException: JWT expired at 2024-12-11T16:19:06Z. Current time: 2024-12-12T16:26:56Z, a difference of 86870686 milliseconds.  Allowed clock skew: 0 milliseconds.]
""12-12-2024 [main] INFO  o.h.jpa.internal.util.LogHelper - HHH000204: Processing PersistenceUnitInfo [name: default]
""12-12-2024 [main] INFO  org.hibernate.Version - HHH000412: Hibernate ORM core version 6.5.3.Final
""12-12-2024 [main] INFO  o.h.c.i.RegionFactoryInitiator - HHH000026: Second-level cache disabled
""12-12-2024 [main] WARN  com.zaxxer.hikari.HikariConfig - POSTGRESQL-POOL - idleTimeout is close to or more than maxLifetime, disabling it.
""12-12-2024 [main] WARN  org.hibernate.orm.deprecation - HHH90000025: PostgreSQLDialect does not need to be specified explicitly using 'hibernate.dialect' (remove the property setting and it will be selected by default)
""12-12-2024 [main] INFO  o.h.e.t.j.p.i.JtaPlatformInitiator - HHH000489: No JTA platform available (set 'hibernate.transaction.jta.platform' to enable JTA platform integration)
""12-12-2024 [main] DEBUG o.s.w.s.m.m.a.ExceptionHandlerExceptionResolver - ControllerAdvice beans: 1 @ExceptionHandler, 1 ResponseBodyAdvice
""12-12-2024 [main] DEBUG o.s.b.w.s.ServletContextInitializerBeans - Mapping filters: springSecurityFilterChain urls=[/*] order=-100, characterEncodingFilter urls=[/*] order=-2147483648, formContentFilter urls=[/*] order=-9900, requestContextFilter urls=[/*] order=-105, jwtAuthenticationFilter urls=[/*] order=2147483647
""12-12-2024 [main] DEBUG o.s.b.w.s.ServletContextInitializerBeans - Mapping servlets: dispatcherServlet urls=[/]
""12-12-2024 [main] WARN  o.s.s.c.a.a.c.InitializeUserDetailsBeanManagerConfigurer$InitializeUserDetailsManagerConfigurer - Global AuthenticationManager configured with an AuthenticationProvider bean. UserDetailsService beans will not be used for username/password login. Consider removing the AuthenticationProvider bean. Alternatively, consider using the UserDetailsService in a manually instantiated DaoAuthenticationProvider.
""12-12-2024 [main] TRACE o.s.w.s.m.m.a.RequestMappingHandlerMapping - 
	c.t.a.c.AuthenticationController:
	{POST [/auth/signup]}: register(RegisterUserDto)
	{POST [/auth/login]}: authenticate(LoginUserDto)
""12-12-2024 [main] TRACE o.s.w.s.m.m.a.RequestMappingHandlerMapping - 
	c.t.a.c.UserController:
	{GET [/users/me]}: authenticatedUser()
	{GET [/users]}: allUsers()
""12-12-2024 [main] TRACE o.s.w.s.m.m.a.RequestMappingHandlerMapping - 
	o.s.b.a.w.s.e.BasicErrorController:
	{ [/error]}: error(HttpServletRequest)
	{ [/error], produces [text/html]}: errorHtml(HttpServletRequest,HttpServletResponse)
""12-12-2024 [main] DEBUG o.s.w.s.m.m.a.RequestMappingHandlerMapping - 6 mappings in 'requestMappingHandlerMapping'
""12-12-2024 [main] DEBUG o.s.w.s.h.SimpleUrlHandlerMapping - Patterns [/webjars/**, /**] in 'resourceHandlerMapping'
""12-12-2024 [main] DEBUG o.s.w.s.m.m.a.RequestMappingHandlerAdapter - ControllerAdvice beans: 0 @ModelAttribute, 0 @InitBinder, 1 RequestBodyAdvice, 1 ResponseBodyAdvice
""12-12-2024 [http-nio-8080-exec-3] INFO  o.s.web.servlet.DispatcherServlet - Initializing Servlet 'dispatcherServlet'
""12-12-2024 [http-nio-8080-exec-3] DEBUG o.s.web.servlet.DispatcherServlet - Detected StandardServletMultipartResolver
""12-12-2024 [http-nio-8080-exec-3] DEBUG o.s.web.servlet.DispatcherServlet - Detected AcceptHeaderLocaleResolver
""12-12-2024 [http-nio-8080-exec-3] DEBUG o.s.web.servlet.DispatcherServlet - Detected FixedThemeResolver
""12-12-2024 [http-nio-8080-exec-3] DEBUG o.s.web.servlet.DispatcherServlet - Detected org.springframework.web.servlet.view.DefaultRequestToViewNameTranslator@f047670
""12-12-2024 [http-nio-8080-exec-3] DEBUG o.s.web.servlet.DispatcherServlet - Detected org.springframework.web.servlet.support.SessionFlashMapManager@73db1a6
""12-12-2024 [http-nio-8080-exec-3] DEBUG o.s.web.servlet.DispatcherServlet - enableLoggingRequestDetails='false': request parameters and headers will be masked to prevent unsafe logging of potentially sensitive data
""12-12-2024 [http-nio-8080-exec-3] INFO  o.s.web.servlet.DispatcherServlet - Completed initialization in 1 ms
""12-12-2024 [http-nio-8080-exec-3] DEBUG o.s.w.s.m.m.a.ExceptionHandlerExceptionResolver - Using @ExceptionHandler com.tericcabrel.authapi.exceptions.GlobalExceptionHandler#handleSecurityException(Exception)
""12-12-2024 [http-nio-8080-exec-3] DEBUG o.s.w.s.m.m.a.HttpEntityMethodProcessor - Using 'application/problem+json', given [*/*] and supported [application/problem+json]
""12-12-2024 [http-nio-8080-exec-3] DEBUG o.s.w.s.m.m.a.HttpEntityMethodProcessor - Writing [ProblemDetail[type='about:blank', title='Unauthorized', status=401, detail='JWT expired at 2024-12-1 (truncated)...]
""12-12-2024 [http-nio-8080-exec-3] DEBUG o.s.w.s.m.m.a.ExceptionHandlerExceptionResolver - Resolved [io.jsonwebtoken.ExpiredJwtException: JWT expired at 2024-12-11T16:19:06Z. Current time: 2024-12-12T16:40:13Z, a difference of 87667828 milliseconds.  Allowed clock skew: 0 milliseconds.]
""12-12-2024 [http-nio-8080-exec-2] DEBUG org.hibernate.SQL - 
    /* <criteria> */ select
        u1_0.id,
        u1_0.created_at,
        u1_0.email,
        u1_0.full_name,
        u1_0.password,
        u1_0.updated_at 
    from
        sistema.users u1_0 
    where
        u1_0.email=?
""12-12-2024 [http-nio-8080-exec-2] DEBUG o.s.web.servlet.DispatcherServlet - GET "/users/me", parameters={}
""12-12-2024 [http-nio-8080-exec-2] TRACE o.s.w.s.m.m.a.RequestMappingHandlerMapping - Mapped to com.tericcabrel.authapi.controllers.UserController#authenticatedUser()
""12-12-2024 [http-nio-8080-exec-2] DEBUG o.s.w.s.m.m.a.HttpEntityMethodProcessor - Using 'application/json', given [*/*] and supported [application/json, application/*+json]
""12-12-2024 [http-nio-8080-exec-2] DEBUG o.s.w.s.m.m.a.HttpEntityMethodProcessor - Writing [User{id=1, fullName='Marcelo Paulo Rebello Martins', email='mp.rebello.martins@gmail.com', password= (truncated)...]
""12-12-2024 [http-nio-8080-exec-2] DEBUG o.s.web.servlet.DispatcherServlet - Completed 200 OK
""12-12-2024 [main] INFO  o.h.jpa.internal.util.LogHelper - HHH000204: Processing PersistenceUnitInfo [name: default]
""12-12-2024 [main] INFO  org.hibernate.Version - HHH000412: Hibernate ORM core version 6.5.3.Final
""12-12-2024 [main] INFO  o.h.c.i.RegionFactoryInitiator - HHH000026: Second-level cache disabled
""12-12-2024 [main] WARN  com.zaxxer.hikari.HikariConfig - POSTGRESQL-POOL - idleTimeout is close to or more than maxLifetime, disabling it.
""12-12-2024 [main] WARN  org.hibernate.orm.deprecation - HHH90000025: PostgreSQLDialect does not need to be specified explicitly using 'hibernate.dialect' (remove the property setting and it will be selected by default)
""12-12-2024 [main] INFO  o.h.e.t.j.p.i.JtaPlatformInitiator - HHH000489: No JTA platform available (set 'hibernate.transaction.jta.platform' to enable JTA platform integration)
""12-12-2024 [main] DEBUG o.s.w.s.m.m.a.ExceptionHandlerExceptionResolver - ControllerAdvice beans: 1 @ExceptionHandler, 1 ResponseBodyAdvice
""12-12-2024 [main] DEBUG o.s.b.w.s.ServletContextInitializerBeans - Mapping filters: springSecurityFilterChain urls=[/*] order=-100, characterEncodingFilter urls=[/*] order=-2147483648, formContentFilter urls=[/*] order=-9900, requestContextFilter urls=[/*] order=-105, jwtAuthenticationFilter urls=[/*] order=2147483647
""12-12-2024 [main] DEBUG o.s.b.w.s.ServletContextInitializerBeans - Mapping servlets: dispatcherServlet urls=[/]
""12-12-2024 [main] WARN  o.s.s.c.a.a.c.InitializeUserDetailsBeanManagerConfigurer$InitializeUserDetailsManagerConfigurer - Global AuthenticationManager configured with an AuthenticationProvider bean. UserDetailsService beans will not be used for username/password login. Consider removing the AuthenticationProvider bean. Alternatively, consider using the UserDetailsService in a manually instantiated DaoAuthenticationProvider.
""12-12-2024 [main] TRACE o.s.w.s.m.m.a.RequestMappingHandlerMapping - 
	c.c.a.c.AuthenticationController:
	{POST [/auth/signup]}: register(RegisterUserDto)
	{POST [/auth/login]}: authenticate(LoginUserDto)
""12-12-2024 [main] TRACE o.s.w.s.m.m.a.RequestMappingHandlerMapping - 
	c.c.a.c.UserController:
	{GET [/users/me]}: authenticatedUser()
	{GET [/users]}: allUsers()
""12-12-2024 [main] TRACE o.s.w.s.m.m.a.RequestMappingHandlerMapping - 
	o.s.b.a.w.s.e.BasicErrorController:
	{ [/error]}: error(HttpServletRequest)
	{ [/error], produces [text/html]}: errorHtml(HttpServletRequest,HttpServletResponse)
""12-12-2024 [main] DEBUG o.s.w.s.m.m.a.RequestMappingHandlerMapping - 6 mappings in 'requestMappingHandlerMapping'
""12-12-2024 [main] DEBUG o.s.w.s.h.SimpleUrlHandlerMapping - Patterns [/webjars/**, /**] in 'resourceHandlerMapping'
""12-12-2024 [main] DEBUG o.s.w.s.m.m.a.RequestMappingHandlerAdapter - ControllerAdvice beans: 0 @ModelAttribute, 0 @InitBinder, 1 RequestBodyAdvice, 1 ResponseBodyAdvice
""12-12-2024 [main] WARN  o.s.b.w.s.c.AnnotationConfigServletWebServerApplicationContext - Exception encountered during context initialization - cancelling refresh attempt: org.springframework.context.ApplicationContextException: Failed to start bean 'webServerStartStop'
""12-12-2024 [main] ERROR o.s.b.d.LoggingFailureAnalysisReporter - 

***************************
APPLICATION FAILED TO START
***************************

Description:

Web server failed to start. Port 8080 was already in use.

Action:

Identify and stop the process that's listening on port 8080 or configure this application to listen on another port.

""12-12-2024 [main] INFO  o.h.jpa.internal.util.LogHelper - HHH000204: Processing PersistenceUnitInfo [name: default]
""12-12-2024 [main] INFO  org.hibernate.Version - HHH000412: Hibernate ORM core version 6.5.3.Final
""12-12-2024 [main] INFO  o.h.c.i.RegionFactoryInitiator - HHH000026: Second-level cache disabled
""12-12-2024 [main] WARN  com.zaxxer.hikari.HikariConfig - POSTGRESQL-POOL - idleTimeout is close to or more than maxLifetime, disabling it.
""12-12-2024 [main] WARN  org.hibernate.orm.deprecation - HHH90000025: PostgreSQLDialect does not need to be specified explicitly using 'hibernate.dialect' (remove the property setting and it will be selected by default)
""12-12-2024 [main] INFO  o.h.e.t.j.p.i.JtaPlatformInitiator - HHH000489: No JTA platform available (set 'hibernate.transaction.jta.platform' to enable JTA platform integration)
""12-12-2024 [main] DEBUG o.s.w.s.m.m.a.ExceptionHandlerExceptionResolver - ControllerAdvice beans: 1 @ExceptionHandler, 1 ResponseBodyAdvice
""12-12-2024 [main] DEBUG o.s.b.w.s.ServletContextInitializerBeans - Mapping filters: springSecurityFilterChain urls=[/*] order=-100, characterEncodingFilter urls=[/*] order=-2147483648, formContentFilter urls=[/*] order=-9900, requestContextFilter urls=[/*] order=-105, jwtAuthenticationFilter urls=[/*] order=2147483647
""12-12-2024 [main] DEBUG o.s.b.w.s.ServletContextInitializerBeans - Mapping servlets: dispatcherServlet urls=[/]
""12-12-2024 [main] WARN  o.s.s.c.a.a.c.InitializeUserDetailsBeanManagerConfigurer$InitializeUserDetailsManagerConfigurer - Global AuthenticationManager configured with an AuthenticationProvider bean. UserDetailsService beans will not be used for username/password login. Consider removing the AuthenticationProvider bean. Alternatively, consider using the UserDetailsService in a manually instantiated DaoAuthenticationProvider.
""12-12-2024 [main] TRACE o.s.w.s.m.m.a.RequestMappingHandlerMapping - 
	c.c.a.c.AuthenticationController:
	{POST [/auth/signup]}: register(RegisterUserDto)
	{POST [/auth/login]}: authenticate(LoginUserDto)
""12-12-2024 [main] TRACE o.s.w.s.m.m.a.RequestMappingHandlerMapping - 
	c.c.a.c.UserController:
	{GET [/users/me]}: authenticatedUser()
	{GET [/users]}: allUsers()
""12-12-2024 [main] TRACE o.s.w.s.m.m.a.RequestMappingHandlerMapping - 
	o.s.b.a.w.s.e.BasicErrorController:
	{ [/error]}: error(HttpServletRequest)
	{ [/error], produces [text/html]}: errorHtml(HttpServletRequest,HttpServletResponse)
""12-12-2024 [main] DEBUG o.s.w.s.m.m.a.RequestMappingHandlerMapping - 6 mappings in 'requestMappingHandlerMapping'
""12-12-2024 [main] DEBUG o.s.w.s.h.SimpleUrlHandlerMapping - Patterns [/webjars/**, /**] in 'resourceHandlerMapping'
""12-12-2024 [main] DEBUG o.s.w.s.m.m.a.RequestMappingHandlerAdapter - ControllerAdvice beans: 0 @ModelAttribute, 0 @InitBinder, 1 RequestBodyAdvice, 1 ResponseBodyAdvice
""12-12-2024 [http-nio-8080-exec-1] INFO  o.s.web.servlet.DispatcherServlet - Initializing Servlet 'dispatcherServlet'
""12-12-2024 [http-nio-8080-exec-1] DEBUG o.s.web.servlet.DispatcherServlet - Detected StandardServletMultipartResolver
""12-12-2024 [http-nio-8080-exec-1] DEBUG o.s.web.servlet.DispatcherServlet - Detected AcceptHeaderLocaleResolver
""12-12-2024 [http-nio-8080-exec-1] DEBUG o.s.web.servlet.DispatcherServlet - Detected FixedThemeResolver
""12-12-2024 [http-nio-8080-exec-1] DEBUG o.s.web.servlet.DispatcherServlet - Detected org.springframework.web.servlet.view.DefaultRequestToViewNameTranslator@40273969
""12-12-2024 [http-nio-8080-exec-1] DEBUG o.s.web.servlet.DispatcherServlet - Detected org.springframework.web.servlet.support.SessionFlashMapManager@74cad577
""12-12-2024 [http-nio-8080-exec-1] DEBUG o.s.web.servlet.DispatcherServlet - enableLoggingRequestDetails='false': request parameters and headers will be masked to prevent unsafe logging of potentially sensitive data
""12-12-2024 [http-nio-8080-exec-1] INFO  o.s.web.servlet.DispatcherServlet - Completed initialization in 2 ms
""12-12-2024 [http-nio-8080-exec-1] DEBUG org.hibernate.SQL - 
    /* <criteria> */ select
        u1_0.id,
        u1_0.created_at,
        u1_0.email,
        u1_0.full_name,
        u1_0.password,
        u1_0.updated_at 
    from
        sistema.users u1_0 
    where
        u1_0.email=?
""12-12-2024 [http-nio-8080-exec-1] DEBUG o.s.web.servlet.DispatcherServlet - GET "/users/me", parameters={}
""12-12-2024 [http-nio-8080-exec-1] TRACE o.s.w.s.m.m.a.RequestMappingHandlerMapping - Mapped to com.cadastroit.authapi.controllers.UserController#authenticatedUser()
""12-12-2024 [http-nio-8080-exec-1] DEBUG o.s.w.s.m.m.a.HttpEntityMethodProcessor - Using 'application/json', given [*/*] and supported [application/json, application/*+json]
""12-12-2024 [http-nio-8080-exec-1] DEBUG o.s.w.s.m.m.a.HttpEntityMethodProcessor - Writing [User{id=1, fullName='Marcelo Paulo Rebello Martins', email='mp.rebello.martins@gmail.com', password= (truncated)...]
""12-12-2024 [http-nio-8080-exec-1] DEBUG o.s.web.servlet.DispatcherServlet - Completed 200 OK
""12-12-2024 [http-nio-8080-exec-3] DEBUG o.s.w.s.m.m.a.ExceptionHandlerExceptionResolver - Using @ExceptionHandler com.cadastroit.authapi.exceptions.GlobalExceptionHandler#handleSecurityException(Exception)
""12-12-2024 [http-nio-8080-exec-3] DEBUG o.s.w.s.m.m.a.HttpEntityMethodProcessor - Using 'application/problem+json', given [*/*] and supported [application/problem+json]
""12-12-2024 [http-nio-8080-exec-3] DEBUG o.s.w.s.m.m.a.HttpEntityMethodProcessor - Writing [ProblemDetail[type='about:blank', title='Unauthorized', status=401, detail='JWT expired at 2024-12-1 (truncated)...]
""12-12-2024 [http-nio-8080-exec-3] DEBUG o.s.w.s.m.m.a.ExceptionHandlerExceptionResolver - Resolved [io.jsonwebtoken.ExpiredJwtException: JWT expired at 2024-12-11T16:19:06Z. Current time: 2024-12-12T16:42:57Z, a difference of 87831782 milliseconds.  Allowed clock skew: 0 milliseconds.]
"